2024-10-22 22:41:58,231 - __main__ - INFO - Loading configuration from config/pipeline_config.yaml
2024-10-22 22:41:58,234 - __main__ - ERROR - Pipeline execution failed: argument should be a str or an os.PathLike object where __fspath__ returns a str, not 'dict'
2024-10-22 22:50:42,457 - __main__ - INFO - Loading configuration from config/pipeline_config.yaml
2024-10-22 22:50:42,462 - __main__ - ERROR - Pipeline execution failed: 'dict' object has no attribute 'selection_method'
2024-10-22 22:52:55,992 - __main__ - INFO - Loading configuration from config/pipeline_config.yaml
2024-10-22 22:52:55,997 - __main__ - ERROR - Pipeline execution failed: 'dict' object has no attribute 'selection_method'
2024-10-22 22:55:46,341 - __main__ - INFO - Loading configuration from config/pipeline_config.yaml
2024-10-22 22:55:46,345 - __main__ - INFO - Loading data...
2024-10-22 22:55:46,345 - __main__ - ERROR - Pipeline execution failed: 'pipeline'
2024-10-22 22:56:59,020 - __main__ - INFO - Loading configuration from config/pipeline_config.yaml
2024-10-22 22:56:59,025 - __main__ - INFO - Loading data...
2024-10-22 22:56:59,025 - __main__ - ERROR - Pipeline execution failed: 'pipeline'
2024-10-22 22:58:46,598 - __main__ - INFO - Loading configuration from config/pipeline_config.yaml
2024-10-22 22:58:46,603 - __main__ - INFO - Loading data...
2024-10-22 22:58:46,603 - __main__ - ERROR - Pipeline execution failed: 'start_date'
2024-10-22 23:02:25,080 - __main__ - INFO - Loading configuration from config/pipeline_config.yaml
2024-10-22 23:02:25,085 - __main__ - INFO - Loading data...
2024-10-22 23:02:25,085 - src.data.data_loader - ERROR - Yahoo data fetch failed for SPY: module 'yfinance' has no attribute 'pdr_override'
2024-10-22 23:02:25,086 - src.data.data_loader - ERROR - Data fetching failed: module 'yfinance' has no attribute 'pdr_override'
2024-10-22 23:02:25,086 - __main__ - ERROR - Pipeline execution failed: module 'yfinance' has no attribute 'pdr_override'
2024-10-22 23:04:41,439 - __main__ - INFO - Loading configuration from config/pipeline_config.yaml
2024-10-22 23:04:41,444 - __main__ - INFO - Loading data...
2024-10-22 23:04:43,095 - __main__ - INFO - Processing data...
2024-10-22 23:04:43,096 - src.data.data_processor - ERROR - Outlier removal failed: 'dict' object has no attribute 'select_dtypes'
2024-10-22 23:04:43,096 - src.data.data_processor - ERROR - Data processing failed: 'dict' object has no attribute 'select_dtypes'
2024-10-22 23:04:43,096 - __main__ - ERROR - Pipeline execution failed: 'dict' object has no attribute 'select_dtypes'
2024-10-22 23:09:03,502 - __main__ - INFO - Loading configuration from config/pipeline_config.yaml
2024-10-22 23:09:03,507 - __main__ - INFO - Loading data...
2024-10-22 23:09:03,868 - __main__ - INFO - Processing data...
2024-10-22 23:09:03,875 - __main__ - INFO - Generating features...
2024-10-22 23:09:03,875 - src.features.feature_pipeline - ERROR - Pipeline fit_transform failed: Unexpected type for hashing <class 'dict'>
2024-10-22 23:09:03,875 - __main__ - ERROR - Pipeline execution failed: Unexpected type for hashing <class 'dict'>
2024-10-22 23:13:16,540 - __main__ - INFO - Loading configuration from config/pipeline_config.yaml
2024-10-22 23:13:16,545 - __main__ - INFO - Loading data...
2024-10-22 23:13:16,888 - __main__ - INFO - Processing data...
2024-10-22 23:13:16,896 - __main__ - INFO - Generating features...
2024-10-22 23:13:16,897 - src.features.feature_pipeline - ERROR - Pipeline fit_transform failed: 'FeaturePipeline' object has no attribute 'cache_dir'
2024-10-22 23:13:16,897 - __main__ - ERROR - Pipeline execution failed: 'FeaturePipeline' object has no attribute 'cache_dir'
2024-10-22 23:19:47,796 - __main__ - INFO - Loading configuration from config/pipeline_config.yaml
2024-10-22 23:19:47,801 - __main__ - INFO - Loading data...
2024-10-22 23:19:48,155 - __main__ - INFO - Processing data...
2024-10-22 23:19:48,162 - __main__ - INFO - Generating features...
2024-10-22 23:19:48,163 - src.features.feature_pipeline - ERROR - Single DataFrame transform failed: 'TechnicalIndicators' object has no attribute 'generate_indicators'
2024-10-22 23:19:48,163 - src.features.feature_pipeline - ERROR - Pipeline fit_transform failed: 'TechnicalIndicators' object has no attribute 'generate_indicators'
2024-10-22 23:19:48,163 - __main__ - ERROR - Pipeline execution failed: 'TechnicalIndicators' object has no attribute 'generate_indicators'
2024-10-22 23:21:48,056 - __main__ - INFO - Loading configuration from config/pipeline_config.yaml
2024-10-22 23:21:48,062 - __main__ - INFO - Loading data...
2024-10-22 23:21:48,409 - __main__ - INFO - Processing data...
2024-10-22 23:21:48,415 - __main__ - INFO - Generating features...
2024-10-22 23:21:48,416 - src.features.feature_pipeline - ERROR - Single DataFrame transform failed: 'TechnicalIndicators' object has no attribute 'generate_indicators'
2024-10-22 23:21:48,416 - src.features.feature_pipeline - ERROR - Pipeline fit_transform failed: 'TechnicalIndicators' object has no attribute 'generate_indicators'
2024-10-22 23:21:48,416 - __main__ - ERROR - Pipeline execution failed: 'TechnicalIndicators' object has no attribute 'generate_indicators'
2024-10-22 23:25:50,230 - __main__ - INFO - Loading configuration from config/pipeline_config.yaml
2024-10-22 23:25:50,235 - __main__ - INFO - Loading data...
2024-10-22 23:25:50,533 - __main__ - INFO - Processing data...
2024-10-22 23:25:50,539 - __main__ - INFO - Generating features...
2024-10-22 23:25:50,554 - src.features.technical_indicators - WARNING - Indicator cci not implemented
2024-10-22 23:25:50,554 - src.features.technical_indicators - WARNING - Indicator aroon not implemented
2024-10-22 23:25:50,554 - src.features.technical_indicators - WARNING - Indicator williams not implemented
2024-10-22 23:25:50,554 - src.features.technical_indicators - WARNING - Indicator ao not implemented
2024-10-22 23:25:50,554 - src.features.technical_indicators - WARNING - Indicator kst not implemented
2024-10-22 23:25:50,555 - src.features.technical_indicators - WARNING - Indicator roc not implemented
2024-10-22 23:25:50,555 - src.features.technical_indicators - WARNING - Indicator mfi not implemented
2024-10-22 23:25:50,555 - src.features.technical_indicators - WARNING - Indicator cmf not implemented
2024-10-22 23:25:50,555 - src.features.feature_pipeline - ERROR - Single DataFrame transform failed: 'FeatureSelector' object has no attribute 'select_features'
2024-10-22 23:25:50,555 - src.features.feature_pipeline - ERROR - Pipeline fit_transform failed: 'FeatureSelector' object has no attribute 'select_features'
2024-10-22 23:25:50,556 - __main__ - ERROR - Pipeline execution failed: 'FeatureSelector' object has no attribute 'select_features'
2024-10-22 23:31:41,841 - __main__ - INFO - Loading configuration from config/pipeline_config.yaml
2024-10-22 23:31:41,847 - __main__ - INFO - Loading data...
2024-10-22 23:31:42,164 - __main__ - INFO - Processing data...
2024-10-22 23:31:42,170 - __main__ - INFO - Generating features...
2024-10-22 23:31:42,192 - src.features.technical_indicators - ERROR - Indicator generation failed: AroonIndicator.__init__() missing 1 required positional argument: 'low'
2024-10-22 23:31:42,192 - src.features.feature_pipeline - ERROR - Single DataFrame transform failed: AroonIndicator.__init__() missing 1 required positional argument: 'low'
2024-10-22 23:31:42,192 - src.features.feature_pipeline - ERROR - Pipeline fit_transform failed: AroonIndicator.__init__() missing 1 required positional argument: 'low'
2024-10-22 23:31:42,192 - __main__ - ERROR - Pipeline execution failed: AroonIndicator.__init__() missing 1 required positional argument: 'low'
2024-10-22 23:34:06,775 - __main__ - INFO - Loading configuration from config/pipeline_config.yaml
2024-10-22 23:34:06,781 - __main__ - INFO - Loading data...
2024-10-22 23:34:07,087 - __main__ - INFO - Processing data...
2024-10-22 23:34:07,093 - __main__ - INFO - Generating features...
2024-10-22 23:34:07,134 - src.features.feature_selector - ERROR - Feature selection failed: FeatureSelector._combined_selection() missing 1 required positional argument: 'y'
2024-10-22 23:34:07,134 - src.features.feature_pipeline - ERROR - Single DataFrame transform failed: FeatureSelector._combined_selection() missing 1 required positional argument: 'y'
2024-10-22 23:34:07,134 - src.features.feature_pipeline - ERROR - Pipeline fit_transform failed: FeatureSelector._combined_selection() missing 1 required positional argument: 'y'
2024-10-22 23:34:07,134 - __main__ - ERROR - Pipeline execution failed: FeatureSelector._combined_selection() missing 1 required positional argument: 'y'
2024-10-22 23:36:47,049 - __main__ - INFO - Loading configuration from config/pipeline_config.yaml
2024-10-22 23:36:47,056 - __main__ - INFO - Loading data...
2024-10-22 23:36:47,378 - __main__ - INFO - Processing data...
2024-10-22 23:36:47,384 - __main__ - INFO - Generating features...
2024-10-22 23:36:47,423 - src.features.feature_selector - ERROR - Feature selection failed: 'target'
2024-10-22 23:36:47,423 - src.features.feature_pipeline - ERROR - Single DataFrame transform failed: 'target'
2024-10-22 23:36:47,424 - src.features.feature_pipeline - ERROR - Pipeline fit_transform failed: 'target'
2024-10-22 23:36:47,424 - __main__ - ERROR - Pipeline execution failed: 'target'
2024-10-22 23:41:50,199 - __main__ - INFO - Loading configuration from config/pipeline_config.yaml
2024-10-22 23:41:50,204 - __main__ - INFO - Loading data...
2024-10-22 23:41:50,552 - __main__ - INFO - Processing data...
2024-10-22 23:41:50,596 - __main__ - INFO - Generating features...
2024-10-22 23:41:50,661 - src.features.feature_selector - ERROR - Statistical selection failed: Input X contains NaN.
2024-10-22 23:41:50,661 - src.features.feature_selector - ERROR - Combined selection failed: Input X contains NaN.
2024-10-22 23:41:50,661 - src.features.feature_selector - ERROR - Feature selection failed: Input X contains NaN.
2024-10-22 23:41:50,661 - src.features.feature_pipeline - ERROR - Single DataFrame transform failed: Input X contains NaN.
2024-10-22 23:41:50,661 - src.features.feature_pipeline - ERROR - Pipeline fit_transform failed: Input X contains NaN.
2024-10-22 23:41:50,661 - __main__ - ERROR - Pipeline execution failed: Input X contains NaN.
